
  .   ____          _            __ _ _
 /\\ / ___'_ __ _ _(_)_ __  __ _ \ \ \ \
( ( )\___ | '_ | '_| | '_ \/ _` | \ \ \ \
 \\/  ___)| |_)| | | | | || (_| |  ) ) ) )
  '  |____| .__|_| |_|_| |_\__, | / / / /
 =========|_|==============|___/=/_/_/_/
 :: Spring Boot ::                (v3.1.5)

2024-09-07T14:32:31.563Z  INFO 396677 --- [           main] com.example.web4.Web4Application         : Starting Web4Application v0.0.1-SNAPSHOT using Java 17.0.12 with PID 396677 (/root/accounting_calculator/backend/target/backend-0.0.1-SNAPSHOT.jar started by root in /root/accounting_calculator/backend/target)
2024-09-07T14:32:31.567Z  INFO 396677 --- [           main] com.example.web4.Web4Application         : No active profile set, falling back to 1 default profile: "default"
2024-09-07T14:32:32.772Z  INFO 396677 --- [           main] .s.d.r.c.RepositoryConfigurationDelegate : Multiple Spring Data modules found, entering strict repository configuration mode
2024-09-07T14:32:32.774Z  INFO 396677 --- [           main] .s.d.r.c.RepositoryConfigurationDelegate : Bootstrapping Spring Data JPA repositories in DEFAULT mode.
2024-09-07T14:32:33.008Z  INFO 396677 --- [           main] .s.d.r.c.RepositoryConfigurationDelegate : Finished Spring Data repository scanning in 215 ms. Found 2 JPA repository interfaces.
2024-09-07T14:32:33.033Z  INFO 396677 --- [           main] .s.d.r.c.RepositoryConfigurationDelegate : Multiple Spring Data modules found, entering strict repository configuration mode
2024-09-07T14:32:33.035Z  INFO 396677 --- [           main] .s.d.r.c.RepositoryConfigurationDelegate : Bootstrapping Spring Data Redis repositories in DEFAULT mode.
2024-09-07T14:32:33.053Z  INFO 396677 --- [           main] .RepositoryConfigurationExtensionSupport : Spring Data Redis - Could not safely identify store assignment for repository candidate interface com.example.web4.repositories.UserRepository; If you want this repository to be a Redis repository, consider annotating your entities with one of these annotations: org.springframework.data.redis.core.RedisHash (preferred), or consider extending one of the following types with your repository: org.springframework.data.keyvalue.repository.KeyValueRepository
2024-09-07T14:32:33.054Z  INFO 396677 --- [           main] .RepositoryConfigurationExtensionSupport : Spring Data Redis - Could not safely identify store assignment for repository candidate interface com.example.web4.repositories.ConstsRepository; If you want this repository to be a Redis repository, consider annotating your entities with one of these annotations: org.springframework.data.redis.core.RedisHash (preferred), or consider extending one of the following types with your repository: org.springframework.data.keyvalue.repository.KeyValueRepository
2024-09-07T14:32:33.054Z  INFO 396677 --- [           main] .s.d.r.c.RepositoryConfigurationDelegate : Finished Spring Data repository scanning in 7 ms. Found 0 Redis repository interfaces.
2024-09-07T14:32:33.954Z  INFO 396677 --- [           main] o.s.b.w.embedded.tomcat.TomcatWebServer  : Tomcat initialized with port(s): 8080 (http)
2024-09-07T14:32:33.970Z  INFO 396677 --- [           main] o.apache.catalina.core.StandardService   : Starting service [Tomcat]
2024-09-07T14:32:33.970Z  INFO 396677 --- [           main] o.apache.catalina.core.StandardEngine    : Starting Servlet engine: [Apache Tomcat/10.1.15]
2024-09-07T14:32:34.084Z  INFO 396677 --- [           main] o.a.c.c.C.[Tomcat].[localhost].[/]       : Initializing Spring embedded WebApplicationContext
2024-09-07T14:32:34.086Z  INFO 396677 --- [           main] w.s.c.ServletWebServerApplicationContext : Root WebApplicationContext: initialization completed in 2442 ms
2024-09-07T14:32:34.266Z  INFO 396677 --- [           main] o.hibernate.jpa.internal.util.LogHelper  : HHH000204: Processing PersistenceUnitInfo [name: default]
2024-09-07T14:32:34.334Z  INFO 396677 --- [           main] org.hibernate.Version                    : HHH000412: Hibernate ORM core version 6.2.13.Final
2024-09-07T14:32:34.337Z  INFO 396677 --- [           main] org.hibernate.cfg.Environment            : HHH000406: Using bytecode reflection optimizer
2024-09-07T14:32:34.718Z  INFO 396677 --- [           main] o.s.o.j.p.SpringPersistenceUnitInfo      : No LoadTimeWeaver setup: ignoring JPA class transformer
2024-09-07T14:32:34.753Z  INFO 396677 --- [           main] com.zaxxer.hikari.HikariDataSource       : HikariPool-1 - Starting...
2024-09-07T14:32:35.212Z  INFO 396677 --- [           main] com.zaxxer.hikari.pool.HikariPool        : HikariPool-1 - Added connection org.postgresql.jdbc.PgConnection@13cd7ea5
2024-09-07T14:32:35.215Z  INFO 396677 --- [           main] com.zaxxer.hikari.HikariDataSource       : HikariPool-1 - Start completed.
2024-09-07T14:32:36.570Z  INFO 396677 --- [           main] o.h.e.t.j.p.i.JtaPlatformInitiator       : HHH000489: No JTA platform available (set 'hibernate.transaction.jta.platform' to enable JTA platform integration)
2024-09-07T14:32:36.630Z  INFO 396677 --- [           main] j.LocalContainerEntityManagerFactoryBean : Initialized JPA EntityManagerFactory for persistence unit 'default'
2024-09-07T14:32:38.083Z  INFO 396677 --- [           main] c.e.w.controllers.CalcConstController    : Все попытки ограничения частоты запросов были очищены при старте приложения.
2024-09-07T14:32:38.186Z  INFO 396677 --- [           main] c.e.web4.controllers.EmailController     : Все попытки отправки email были очищены при старте приложения.
2024-09-07T14:32:38.217Z  WARN 396677 --- [           main] JpaBaseConfiguration$JpaWebConfiguration : spring.jpa.open-in-view is enabled by default. Therefore, database queries may be performed during view rendering. Explicitly configure spring.jpa.open-in-view to disable this warning
2024-09-07T14:32:38.587Z  INFO 396677 --- [           main] o.s.s.web.DefaultSecurityFilterChain     : Will secure any request with [org.springframework.security.web.session.DisableEncodeUrlFilter@7e7740a5, org.springframework.security.web.context.request.async.WebAsyncManagerIntegrationFilter@7aa01bd9, org.springframework.security.web.context.SecurityContextHolderFilter@6544899b, org.springframework.security.web.header.HeaderWriterFilter@492521c4, org.springframework.security.web.authentication.logout.LogoutFilter@7ccd611e, com.example.web4.security.jwt.AuthTokenFilter@7a3e5cd3, org.springframework.security.web.savedrequest.RequestCacheAwareFilter@1bd8afc8, org.springframework.security.web.servletapi.SecurityContextHolderAwareRequestFilter@65da01f4, org.springframework.security.web.authentication.AnonymousAuthenticationFilter@7e61e25c, org.springframework.security.web.session.SessionManagementFilter@4c18516, org.springframework.security.web.access.ExceptionTranslationFilter@526f6427, org.springframework.security.web.access.intercept.AuthorizationFilter@512abf25]
2024-09-07T14:32:39.051Z  INFO 396677 --- [           main] o.s.b.w.embedded.tomcat.TomcatWebServer  : Tomcat started on port(s): 8080 (http) with context path ''
2024-09-07T14:32:39.069Z  INFO 396677 --- [           main] com.example.web4.Web4Application         : Started Web4Application in 8.068 seconds (process running for 8.732)
2024-09-07T14:33:21.214Z  INFO 396677 --- [nio-8080-exec-1] o.a.c.c.C.[Tomcat].[localhost].[/]       : Initializing Spring DispatcherServlet 'dispatcherServlet'
2024-09-07T14:33:21.215Z  INFO 396677 --- [nio-8080-exec-1] o.s.web.servlet.DispatcherServlet        : Initializing Servlet 'dispatcherServlet'
2024-09-07T14:33:21.217Z  INFO 396677 --- [nio-8080-exec-1] o.s.web.servlet.DispatcherServlet        : Completed initialization in 2 ms
2024-09-07T14:33:21.720Z  INFO 396677 --- [nio-8080-exec-1] c.e.w.s.sevices.AuthUsersDetailsService  : Name auth user: alexdev
2024-09-07T14:33:39.151Z  INFO 396677 --- [nio-8080-exec-2] c.e.w.s.sevices.AuthUsersDetailsService  : Name auth user: alexdev
2024-09-07T14:41:39.075Z ERROR 396677 --- [nio-8080-exec-3] c.e.web4.security.jwt.AuthEntryPoint     : Unauthorized error: Full authentication is required to access this resource
2024-09-07T14:54:57.799Z  INFO 396677 --- [nio-8080-exec-6] o.apache.coyote.http11.Http11Processor   : Error parsing HTTP request header
 Note: further occurrences of HTTP request parsing errors will be logged at DEBUG level.

java.lang.IllegalArgumentException: Invalid character found in the HTTP protocol [1 -1 ]
	at org.apache.coyote.http11.Http11InputBuffer.parseRequestLine(Http11InputBuffer.java:558) ~[tomcat-embed-core-10.1.15.jar!/:na]
	at org.apache.coyote.http11.Http11Processor.service(Http11Processor.java:264) ~[tomcat-embed-core-10.1.15.jar!/:na]
	at org.apache.coyote.AbstractProcessorLight.process(AbstractProcessorLight.java:63) ~[tomcat-embed-core-10.1.15.jar!/:na]
	at org.apache.coyote.AbstractProtocol$ConnectionHandler.process(AbstractProtocol.java:896) ~[tomcat-embed-core-10.1.15.jar!/:na]
	at org.apache.tomcat.util.net.NioEndpoint$SocketProcessor.doRun(NioEndpoint.java:1744) ~[tomcat-embed-core-10.1.15.jar!/:na]
	at org.apache.tomcat.util.net.SocketProcessorBase.run(SocketProcessorBase.java:52) ~[tomcat-embed-core-10.1.15.jar!/:na]
	at org.apache.tomcat.util.threads.ThreadPoolExecutor.runWorker(ThreadPoolExecutor.java:1191) ~[tomcat-embed-core-10.1.15.jar!/:na]
	at org.apache.tomcat.util.threads.ThreadPoolExecutor$Worker.run(ThreadPoolExecutor.java:659) ~[tomcat-embed-core-10.1.15.jar!/:na]
	at org.apache.tomcat.util.threads.TaskThread$WrappingRunnable.run(TaskThread.java:61) ~[tomcat-embed-core-10.1.15.jar!/:na]
	at java.base/java.lang.Thread.run(Thread.java:840) ~[na:na]

2024-09-07T14:55:12.906Z ERROR 396677 --- [nio-8080-exec-7] c.e.web4.security.jwt.AuthEntryPoint     : Unauthorized error: Full authentication is required to access this resource
2024-09-07T15:35:23.961Z ERROR 396677 --- [nio-8080-exec-8] c.e.web4.security.jwt.AuthEntryPoint     : Unauthorized error: Full authentication is required to access this resource
2024-09-07T17:00:29.978Z ERROR 396677 --- [nio-8080-exec-2] c.e.web4.security.jwt.AuthEntryPoint     : Unauthorized error: Full authentication is required to access this resource
2024-09-07T17:00:30.174Z ERROR 396677 --- [nio-8080-exec-4] c.e.web4.security.jwt.AuthEntryPoint     : Unauthorized error: Full authentication is required to access this resource
2024-09-07T17:04:50.053Z ERROR 396677 --- [nio-8080-exec-6] c.e.web4.security.jwt.AuthEntryPoint     : Unauthorized error: Full authentication is required to access this resource
2024-09-07T17:18:02.270Z ERROR 396677 --- [nio-8080-exec-8] c.e.web4.security.jwt.AuthEntryPoint     : Unauthorized error: Full authentication is required to access this resource
2024-09-07T17:46:06.684Z ERROR 396677 --- [nio-8080-exec-1] c.e.web4.security.jwt.AuthEntryPoint     : Unauthorized error: Full authentication is required to access this resource
2024-09-07T18:15:23.635Z ERROR 396677 --- [nio-8080-exec-3] c.e.web4.security.jwt.AuthEntryPoint     : Unauthorized error: Full authentication is required to access this resource
2024-09-07T18:15:23.896Z ERROR 396677 --- [nio-8080-exec-5] c.e.web4.security.jwt.AuthEntryPoint     : Unauthorized error: Full authentication is required to access this resource
2024-09-07T18:21:58.239Z ERROR 396677 --- [nio-8080-exec-7] c.e.web4.security.jwt.AuthEntryPoint     : Unauthorized error: Full authentication is required to access this resource
2024-09-07T18:25:36.539Z ERROR 396677 --- [nio-8080-exec-9] c.e.web4.security.jwt.AuthEntryPoint     : Unauthorized error: Full authentication is required to access this resource
2024-09-07T18:48:16.330Z ERROR 396677 --- [nio-8080-exec-4] c.e.web4.security.jwt.AuthEntryPoint     : Unauthorized error: Full authentication is required to access this resource
2024-09-07T19:58:34.484Z ERROR 396677 --- [nio-8080-exec-9] c.e.web4.security.jwt.AuthEntryPoint     : Unauthorized error: Full authentication is required to access this resource
2024-09-07T20:00:16.177Z ERROR 396677 --- [io-8080-exec-10] c.e.web4.security.jwt.AuthEntryPoint     : Unauthorized error: Full authentication is required to access this resource
2024-09-07T20:19:01.167Z ERROR 396677 --- [nio-8080-exec-1] c.e.web4.security.jwt.AuthEntryPoint     : Unauthorized error: Full authentication is required to access this resource
2024-09-07T21:18:17.199Z ERROR 396677 --- [nio-8080-exec-3] c.e.web4.security.jwt.AuthEntryPoint     : Unauthorized error: Full authentication is required to access this resource
2024-09-07T21:48:31.038Z ERROR 396677 --- [nio-8080-exec-6] c.e.web4.security.jwt.AuthEntryPoint     : Unauthorized error: Full authentication is required to access this resource
2024-09-07T23:02:04.764Z ERROR 396677 --- [nio-8080-exec-1] c.e.web4.security.jwt.AuthEntryPoint     : Unauthorized error: Full authentication is required to access this resource
2024-09-07T23:02:05.392Z ERROR 396677 --- [nio-8080-exec-2] c.e.web4.security.jwt.AuthEntryPoint     : Unauthorized error: Full authentication is required to access this resource
2024-09-07T23:02:05.677Z ERROR 396677 --- [nio-8080-exec-4] c.e.web4.security.jwt.AuthEntryPoint     : Unauthorized error: Full authentication is required to access this resource
2024-09-07T23:02:05.678Z ERROR 396677 --- [nio-8080-exec-6] c.e.web4.security.jwt.AuthEntryPoint     : Unauthorized error: Full authentication is required to access this resource
2024-09-07T23:02:05.680Z ERROR 396677 --- [nio-8080-exec-5] c.e.web4.security.jwt.AuthEntryPoint     : Unauthorized error: Full authentication is required to access this resource
2024-09-07T23:02:05.695Z ERROR 396677 --- [nio-8080-exec-7] c.e.web4.security.jwt.AuthEntryPoint     : Unauthorized error: Full authentication is required to access this resource
2024-09-07T23:02:05.798Z ERROR 396677 --- [nio-8080-exec-9] c.e.web4.security.jwt.AuthEntryPoint     : Unauthorized error: Full authentication is required to access this resource
2024-09-07T23:02:05.867Z ERROR 396677 --- [io-8080-exec-10] c.e.web4.security.jwt.AuthEntryPoint     : Unauthorized error: Full authentication is required to access this resource
2024-09-07T23:02:07.011Z ERROR 396677 --- [nio-8080-exec-1] c.e.web4.security.jwt.AuthEntryPoint     : Unauthorized error: Full authentication is required to access this resource
2024-09-07T23:02:15.555Z  INFO 396677 --- [nio-8080-exec-2] o.apache.coyote.http11.Http11Processor   : Error parsing HTTP request header
 Note: further occurrences of HTTP request parsing errors will be logged at DEBUG level.

java.lang.IllegalArgumentException: Invalid character found in method name [0x160x030x010x000xee0x010x000x000xea0x030x030x100x120xb80xcb0x15Q0xb40xb0bi>-0xbd:{0xf40xaf40x92Ro0x8a0x09F5G^)90xd20xb9p ]. HTTP method names must be tokens
	at org.apache.coyote.http11.Http11InputBuffer.parseRequestLine(Http11InputBuffer.java:407) ~[tomcat-embed-core-10.1.15.jar!/:na]
	at org.apache.coyote.http11.Http11Processor.service(Http11Processor.java:264) ~[tomcat-embed-core-10.1.15.jar!/:na]
	at org.apache.coyote.AbstractProcessorLight.process(AbstractProcessorLight.java:63) ~[tomcat-embed-core-10.1.15.jar!/:na]
	at org.apache.coyote.AbstractProtocol$ConnectionHandler.process(AbstractProtocol.java:896) ~[tomcat-embed-core-10.1.15.jar!/:na]
	at org.apache.tomcat.util.net.NioEndpoint$SocketProcessor.doRun(NioEndpoint.java:1744) ~[tomcat-embed-core-10.1.15.jar!/:na]
	at org.apache.tomcat.util.net.SocketProcessorBase.run(SocketProcessorBase.java:52) ~[tomcat-embed-core-10.1.15.jar!/:na]
	at org.apache.tomcat.util.threads.ThreadPoolExecutor.runWorker(ThreadPoolExecutor.java:1191) ~[tomcat-embed-core-10.1.15.jar!/:na]
	at org.apache.tomcat.util.threads.ThreadPoolExecutor$Worker.run(ThreadPoolExecutor.java:659) ~[tomcat-embed-core-10.1.15.jar!/:na]
	at org.apache.tomcat.util.threads.TaskThread$WrappingRunnable.run(TaskThread.java:61) ~[tomcat-embed-core-10.1.15.jar!/:na]
	at java.base/java.lang.Thread.run(Thread.java:840) ~[na:na]

2024-09-07T23:12:26.195Z ERROR 396677 --- [nio-8080-exec-6] c.e.web4.security.jwt.AuthEntryPoint     : Unauthorized error: Full authentication is required to access this resource
2024-09-07T23:13:15.229Z ERROR 396677 --- [nio-8080-exec-5] c.e.web4.security.jwt.AuthEntryPoint     : Unauthorized error: Full authentication is required to access this resource
2024-09-07T23:42:10.067Z ERROR 396677 --- [nio-8080-exec-2] c.e.web4.security.jwt.AuthEntryPoint     : Unauthorized error: Full authentication is required to access this resource
2024-09-08T00:21:18.222Z ERROR 396677 --- [nio-8080-exec-4] c.e.web4.security.jwt.AuthEntryPoint     : Unauthorized error: Full authentication is required to access this resource
2024-09-08T00:21:18.903Z ERROR 396677 --- [nio-8080-exec-6] c.e.web4.security.jwt.AuthEntryPoint     : Unauthorized error: Full authentication is required to access this resource
2024-09-08T00:34:44.475Z ERROR 396677 --- [nio-8080-exec-8] c.e.web4.security.jwt.AuthEntryPoint     : Unauthorized error: Full authentication is required to access this resource
2024-09-08T01:20:34.187Z ERROR 396677 --- [nio-8080-exec-2] c.e.web4.security.jwt.AuthEntryPoint     : Unauthorized error: Full authentication is required to access this resource
2024-09-08T01:33:47.929Z ERROR 396677 --- [nio-8080-exec-4] c.e.web4.security.jwt.AuthEntryPoint     : Unauthorized error: Full authentication is required to access this resource
2024-09-08T01:37:13.977Z ERROR 396677 --- [nio-8080-exec-7] c.e.web4.security.jwt.AuthEntryPoint     : Unauthorized error: Full authentication is required to access this resource
2024-09-08T01:43:21.040Z ERROR 396677 --- [nio-8080-exec-9] c.e.web4.security.jwt.AuthEntryPoint     : Unauthorized error: Full authentication is required to access this resource
2024-09-08T02:31:17.629Z ERROR 396677 --- [nio-8080-exec-1] c.e.web4.security.jwt.AuthEntryPoint     : Unauthorized error: Full authentication is required to access this resource
2024-09-08T03:14:38.553Z ERROR 396677 --- [nio-8080-exec-3] c.e.web4.security.jwt.AuthEntryPoint     : Unauthorized error: Full authentication is required to access this resource
2024-09-08T03:15:56.488Z ERROR 396677 --- [nio-8080-exec-6] c.e.web4.security.jwt.AuthEntryPoint     : Unauthorized error: Full authentication is required to access this resource
2024-09-08T04:47:27.626Z ERROR 396677 --- [nio-8080-exec-9] c.e.web4.security.jwt.AuthEntryPoint     : Unauthorized error: Full authentication is required to access this resource
2024-09-08T04:51:07.476Z ERROR 396677 --- [io-8080-exec-10] c.e.web4.security.jwt.AuthEntryPoint     : Unauthorized error: Full authentication is required to access this resource
2024-09-08T05:02:11.183Z ERROR 396677 --- [nio-8080-exec-2] c.e.web4.security.jwt.AuthEntryPoint     : Unauthorized error: Full authentication is required to access this resource
2024-09-08T05:31:22.118Z ERROR 396677 --- [nio-8080-exec-6] c.e.web4.security.jwt.AuthEntryPoint     : Unauthorized error: Full authentication is required to access this resource
2024-09-08T06:03:10.454Z ERROR 396677 --- [nio-8080-exec-7] c.e.web4.security.jwt.AuthEntryPoint     : Unauthorized error: Full authentication is required to access this resource
2024-09-08T06:03:10.645Z ERROR 396677 --- [nio-8080-exec-9] c.e.web4.security.jwt.AuthEntryPoint     : Unauthorized error: Full authentication is required to access this resource
2024-09-08T06:20:52.244Z ERROR 396677 --- [nio-8080-exec-2] c.e.web4.security.jwt.AuthEntryPoint     : Unauthorized error: Full authentication is required to access this resource
2024-09-08T06:31:57.452Z ERROR 396677 --- [nio-8080-exec-4] c.e.web4.security.jwt.AuthEntryPoint     : Unauthorized error: Full authentication is required to access this resource
2024-09-08T07:28:12.480Z ERROR 396677 --- [nio-8080-exec-7] c.e.web4.security.jwt.AuthEntryPoint     : Unauthorized error: Full authentication is required to access this resource
2024-09-08T08:25:05.295Z ERROR 396677 --- [nio-8080-exec-9] c.e.web4.security.jwt.AuthEntryPoint     : Unauthorized error: Full authentication is required to access this resource
2024-09-08T09:04:24.353Z ERROR 396677 --- [nio-8080-exec-4] c.e.web4.security.jwt.AuthEntryPoint     : Unauthorized error: Full authentication is required to access this resource
2024-09-08T10:45:57.768Z ERROR 396677 --- [nio-8080-exec-9] c.e.web4.security.jwt.AuthEntryPoint     : Unauthorized error: Full authentication is required to access this resource
2024-09-08T10:45:57.954Z ERROR 396677 --- [nio-8080-exec-1] c.e.web4.security.jwt.AuthEntryPoint     : Unauthorized error: Full authentication is required to access this resource
2024-09-08T11:41:53.127Z ERROR 396677 --- [nio-8080-exec-6] c.e.web4.security.jwt.AuthEntryPoint     : Unauthorized error: Full authentication is required to access this resource
2024-09-08T11:42:01.957Z ERROR 396677 --- [nio-8080-exec-5] c.e.web4.security.jwt.AuthEntryPoint     : Unauthorized error: Full authentication is required to access this resource
2024-09-08T12:05:05.366Z ERROR 396677 --- [nio-8080-exec-8] c.e.web4.security.jwt.AuthEntryPoint     : Unauthorized error: Full authentication is required to access this resource
2024-09-08T12:10:48.452Z ERROR 396677 --- [io-8080-exec-10] c.e.web4.security.jwt.AuthEntryPoint     : Unauthorized error: Full authentication is required to access this resource
2024-09-08T12:39:04.299Z ERROR 396677 --- [nio-8080-exec-2] c.e.web4.security.jwt.AuthEntryPoint     : Unauthorized error: Full authentication is required to access this resource
2024-09-08T12:45:14.135Z ERROR 396677 --- [nio-8080-exec-3] c.e.web4.security.jwt.AuthEntryPoint     : Unauthorized error: Full authentication is required to access this resource
2024-09-08T12:45:14.320Z ERROR 396677 --- [nio-8080-exec-6] c.e.web4.security.jwt.AuthEntryPoint     : Unauthorized error: Full authentication is required to access this resource
2024-09-08T12:48:46.566Z ERROR 396677 --- [nio-8080-exec-7] c.e.web4.security.jwt.AuthEntryPoint     : Unauthorized error: Full authentication is required to access this resource
2024-09-08T13:04:30.776Z ERROR 396677 --- [nio-8080-exec-9] c.e.web4.security.jwt.AuthEntryPoint     : Unauthorized error: Full authentication is required to access this resource
2024-09-08T15:48:46.472Z ERROR 396677 --- [nio-8080-exec-4] c.e.web4.security.jwt.AuthEntryPoint     : Unauthorized error: Full authentication is required to access this resource
2024-09-08T15:48:55.586Z ERROR 396677 --- [nio-8080-exec-5] c.e.web4.security.jwt.AuthEntryPoint     : Unauthorized error: Full authentication is required to access this resource
2024-09-08T16:53:53.450Z ERROR 396677 --- [nio-8080-exec-1] c.e.web4.security.jwt.AuthEntryPoint     : Unauthorized error: Full authentication is required to access this resource
2024-09-08T16:57:05.104Z ERROR 396677 --- [nio-8080-exec-3] c.e.web4.security.jwt.AuthEntryPoint     : Unauthorized error: Full authentication is required to access this resource
2024-09-08T17:40:10.273Z ERROR 396677 --- [nio-8080-exec-5] c.e.web4.security.jwt.AuthEntryPoint     : Unauthorized error: Full authentication is required to access this resource
2024-09-08T18:29:47.920Z ERROR 396677 --- [nio-8080-exec-1] c.e.web4.security.jwt.AuthEntryPoint     : Unauthorized error: Full authentication is required to access this resource
2024-09-08T18:33:14.381Z ERROR 396677 --- [nio-8080-exec-3] c.e.web4.security.jwt.AuthEntryPoint     : Unauthorized error: Full authentication is required to access this resource
2024-09-08T19:25:01.241Z ERROR 396677 --- [io-8080-exec-10] c.e.web4.security.jwt.AuthEntryPoint     : Unauthorized error: Full authentication is required to access this resource
2024-09-08T19:25:01.608Z ERROR 396677 --- [nio-8080-exec-2] c.e.web4.security.jwt.AuthEntryPoint     : Unauthorized error: Full authentication is required to access this resource
2024-09-08T19:32:24.350Z ERROR 396677 --- [nio-8080-exec-5] c.e.web4.security.jwt.AuthEntryPoint     : Unauthorized error: Full authentication is required to access this resource
2024-09-08T20:01:38.885Z ERROR 396677 --- [io-8080-exec-10] c.e.web4.security.jwt.AuthEntryPoint     : Unauthorized error: Full authentication is required to access this resource
2024-09-08T20:21:12.235Z ERROR 396677 --- [nio-8080-exec-4] c.e.web4.security.jwt.AuthEntryPoint     : Unauthorized error: Full authentication is required to access this resource
2024-09-08T20:50:37.468Z ERROR 396677 --- [nio-8080-exec-7] c.e.web4.security.jwt.AuthEntryPoint     : Unauthorized error: Full authentication is required to access this resource
2024-09-08T21:11:56.290Z ERROR 396677 --- [nio-8080-exec-8] c.e.web4.security.jwt.AuthEntryPoint     : Unauthorized error: Full authentication is required to access this resource
2024-09-08T23:44:49.756Z ERROR 396677 --- [nio-8080-exec-3] c.e.web4.security.jwt.AuthEntryPoint     : Unauthorized error: Full authentication is required to access this resource
2024-09-08T23:53:11.268Z ERROR 396677 --- [nio-8080-exec-5] c.e.web4.security.jwt.AuthEntryPoint     : Unauthorized error: Full authentication is required to access this resource
2024-09-08T23:55:28.516Z ERROR 396677 --- [nio-8080-exec-8] c.e.web4.security.jwt.AuthEntryPoint     : Unauthorized error: Full authentication is required to access this resource
2024-09-09T00:16:10.034Z ERROR 396677 --- [nio-8080-exec-1] c.e.web4.security.jwt.AuthEntryPoint     : Unauthorized error: Full authentication is required to access this resource
2024-09-09T00:22:33.081Z ERROR 396677 --- [nio-8080-exec-3] c.e.web4.security.jwt.AuthEntryPoint     : Unauthorized error: Full authentication is required to access this resource
2024-09-09T00:22:33.734Z ERROR 396677 --- [nio-8080-exec-6] c.e.web4.security.jwt.AuthEntryPoint     : Unauthorized error: Full authentication is required to access this resource
2024-09-09T00:33:25.175Z ERROR 396677 --- [nio-8080-exec-7] c.e.web4.security.jwt.AuthEntryPoint     : Unauthorized error: Full authentication is required to access this resource
2024-09-09T00:39:07.319Z ERROR 396677 --- [nio-8080-exec-8] c.e.web4.security.jwt.AuthEntryPoint     : Unauthorized error: Full authentication is required to access this resource
2024-09-09T00:59:55.804Z ERROR 396677 --- [io-8080-exec-10] c.e.web4.security.jwt.AuthEntryPoint     : Unauthorized error: Full authentication is required to access this resource
2024-09-09T00:59:55.985Z ERROR 396677 --- [nio-8080-exec-2] c.e.web4.security.jwt.AuthEntryPoint     : Unauthorized error: Full authentication is required to access this resource
2024-09-09T01:01:11.874Z ERROR 396677 --- [nio-8080-exec-4] c.e.web4.security.jwt.AuthEntryPoint     : Unauthorized error: Full authentication is required to access this resource
2024-09-09T01:40:53.162Z ERROR 396677 --- [nio-8080-exec-5] c.e.web4.security.jwt.AuthEntryPoint     : Unauthorized error: Full authentication is required to access this resource
2024-09-09T01:54:13.154Z  INFO 396677 --- [nio-8080-exec-9] o.apache.coyote.http11.Http11Processor   : Error parsing HTTP request header
 Note: further occurrences of HTTP request parsing errors will be logged at DEBUG level.

java.lang.IllegalArgumentException: Invalid character found in method name [0x160x030x010x00{0x010x000x00w0x030x03z0xc3$0xec5F0xfc?0xa5!0xd40x1e0xa9"a0xcd1EX0x0enrb0xb30x1a0xc00x0f0xb7}D&0xb50x000x000x1a0xc0/0xc0+0xc00x110xc00x070xc00x130xc00x090xc00x140xc00x0a0x000x050x00/0x0050xc00x120x000x0a0x010x000x0040x000x050x000x050x010x000x000x000x000x000x0a0x000x080x000x060x000x170x000x180x000x190x000x0b0x000x020x010x000x000x0d0x000x100x000x0e0x040x010x040x030x020x010x020x030x040x010x050x010x060x010xff0x010x000x010x00...]. HTTP method names must be tokens
	at org.apache.coyote.http11.Http11InputBuffer.parseRequestLine(Http11InputBuffer.java:407) ~[tomcat-embed-core-10.1.15.jar!/:na]
	at org.apache.coyote.http11.Http11Processor.service(Http11Processor.java:264) ~[tomcat-embed-core-10.1.15.jar!/:na]
	at org.apache.coyote.AbstractProcessorLight.process(AbstractProcessorLight.java:63) ~[tomcat-embed-core-10.1.15.jar!/:na]
	at org.apache.coyote.AbstractProtocol$ConnectionHandler.process(AbstractProtocol.java:896) ~[tomcat-embed-core-10.1.15.jar!/:na]
	at org.apache.tomcat.util.net.NioEndpoint$SocketProcessor.doRun(NioEndpoint.java:1744) ~[tomcat-embed-core-10.1.15.jar!/:na]
	at org.apache.tomcat.util.net.SocketProcessorBase.run(SocketProcessorBase.java:52) ~[tomcat-embed-core-10.1.15.jar!/:na]
	at org.apache.tomcat.util.threads.ThreadPoolExecutor.runWorker(ThreadPoolExecutor.java:1191) ~[tomcat-embed-core-10.1.15.jar!/:na]
	at org.apache.tomcat.util.threads.ThreadPoolExecutor$Worker.run(ThreadPoolExecutor.java:659) ~[tomcat-embed-core-10.1.15.jar!/:na]
	at org.apache.tomcat.util.threads.TaskThread$WrappingRunnable.run(TaskThread.java:61) ~[tomcat-embed-core-10.1.15.jar!/:na]
	at java.base/java.lang.Thread.run(Thread.java:840) ~[na:na]

2024-09-09T02:25:45.991Z ERROR 396677 --- [nio-8080-exec-1] c.e.web4.security.jwt.AuthEntryPoint     : Unauthorized error: Full authentication is required to access this resource
2024-09-09T02:25:46.721Z ERROR 396677 --- [nio-8080-exec-2] c.e.web4.security.jwt.AuthEntryPoint     : Unauthorized error: Full authentication is required to access this resource
2024-09-09T02:33:24.987Z ERROR 396677 --- [nio-8080-exec-4] c.e.web4.security.jwt.AuthEntryPoint     : Unauthorized error: Full authentication is required to access this resource
2024-09-09T02:33:25.093Z ERROR 396677 --- [nio-8080-exec-6] c.e.web4.security.jwt.AuthEntryPoint     : Unauthorized error: Full authentication is required to access this resource
2024-09-09T02:33:25.507Z ERROR 396677 --- [nio-8080-exec-8] c.e.web4.security.jwt.AuthEntryPoint     : Unauthorized error: Full authentication is required to access this resource
2024-09-09T02:33:26.527Z ERROR 396677 --- [io-8080-exec-10] c.e.web4.security.jwt.AuthEntryPoint     : Unauthorized error: Full authentication is required to access this resource
2024-09-09T02:33:26.704Z ERROR 396677 --- [nio-8080-exec-2] c.e.web4.security.jwt.AuthEntryPoint     : Unauthorized error: Full authentication is required to access this resource
2024-09-09T02:33:48.307Z ERROR 396677 --- [nio-8080-exec-4] c.e.web4.security.jwt.AuthEntryPoint     : Unauthorized error: Full authentication is required to access this resource
2024-09-09T02:33:49.680Z ERROR 396677 --- [nio-8080-exec-5] c.e.web4.security.jwt.AuthEntryPoint     : Unauthorized error: Full authentication is required to access this resource
2024-09-09T02:33:50.020Z ERROR 396677 --- [nio-8080-exec-7] c.e.web4.security.jwt.AuthEntryPoint     : Unauthorized error: Full authentication is required to access this resource
2024-09-09T02:33:50.277Z ERROR 396677 --- [nio-8080-exec-9] c.e.web4.security.jwt.AuthEntryPoint     : Unauthorized error: Full authentication is required to access this resource
2024-09-09T02:33:53.902Z ERROR 396677 --- [nio-8080-exec-2] c.e.web4.security.jwt.AuthEntryPoint     : Unauthorized error: Full authentication is required to access this resource
2024-09-09T02:33:54.001Z ERROR 396677 --- [nio-8080-exec-3] c.e.web4.security.jwt.AuthEntryPoint     : Unauthorized error: Full authentication is required to access this resource
2024-09-09T02:33:54.236Z ERROR 396677 --- [nio-8080-exec-6] c.e.web4.security.jwt.AuthEntryPoint     : Unauthorized error: Full authentication is required to access this resource
2024-09-09T02:34:03.708Z ERROR 396677 --- [nio-8080-exec-8] c.e.web4.security.jwt.AuthEntryPoint     : Unauthorized error: Full authentication is required to access this resource
2024-09-09T02:34:03.847Z ERROR 396677 --- [nio-8080-exec-9] c.e.web4.security.jwt.AuthEntryPoint     : Unauthorized error: Full authentication is required to access this resource
2024-09-09T02:34:04.209Z ERROR 396677 --- [nio-8080-exec-2] c.e.web4.security.jwt.AuthEntryPoint     : Unauthorized error: Full authentication is required to access this resource
2024-09-09T02:34:04.310Z ERROR 396677 --- [nio-8080-exec-3] c.e.web4.security.jwt.AuthEntryPoint     : Unauthorized error: Full authentication is required to access this resource
2024-09-09T02:34:04.415Z ERROR 396677 --- [nio-8080-exec-5] c.e.web4.security.jwt.AuthEntryPoint     : Unauthorized error: Full authentication is required to access this resource
2024-09-09T02:34:04.561Z ERROR 396677 --- [nio-8080-exec-8] c.e.web4.security.jwt.AuthEntryPoint     : Unauthorized error: Full authentication is required to access this resource
2024-09-09T02:34:04.844Z ERROR 396677 --- [io-8080-exec-10] c.e.web4.security.jwt.AuthEntryPoint     : Unauthorized error: Full authentication is required to access this resource
2024-09-09T02:34:05.407Z ERROR 396677 --- [nio-8080-exec-2] c.e.web4.security.jwt.AuthEntryPoint     : Unauthorized error: Full authentication is required to access this resource
2024-09-09T02:34:05.698Z ERROR 396677 --- [nio-8080-exec-4] c.e.web4.security.jwt.AuthEntryPoint     : Unauthorized error: Full authentication is required to access this resource
2024-09-09T02:34:05.830Z ERROR 396677 --- [nio-8080-exec-6] c.e.web4.security.jwt.AuthEntryPoint     : Unauthorized error: Full authentication is required to access this resource
2024-09-09T02:34:05.933Z ERROR 396677 --- [nio-8080-exec-8] c.e.web4.security.jwt.AuthEntryPoint     : Unauthorized error: Full authentication is required to access this resource
2024-09-09T02:34:06.039Z ERROR 396677 --- [io-8080-exec-10] c.e.web4.security.jwt.AuthEntryPoint     : Unauthorized error: Full authentication is required to access this resource
2024-09-09T02:34:06.523Z ERROR 396677 --- [nio-8080-exec-2] c.e.web4.security.jwt.AuthEntryPoint     : Unauthorized error: Full authentication is required to access this resource
2024-09-09T02:34:06.936Z ERROR 396677 --- [nio-8080-exec-4] c.e.web4.security.jwt.AuthEntryPoint     : Unauthorized error: Full authentication is required to access this resource
2024-09-09T02:34:07.635Z ERROR 396677 --- [nio-8080-exec-6] c.e.web4.security.jwt.AuthEntryPoint     : Unauthorized error: Full authentication is required to access this resource
2024-09-09T02:34:10.997Z ERROR 396677 --- [nio-8080-exec-8] c.e.web4.security.jwt.AuthEntryPoint     : Unauthorized error: Full authentication is required to access this resource
2024-09-09T02:34:11.504Z ERROR 396677 --- [io-8080-exec-10] c.e.web4.security.jwt.AuthEntryPoint     : Unauthorized error: Full authentication is required to access this resource
2024-09-09T02:34:11.604Z ERROR 396677 --- [nio-8080-exec-2] c.e.web4.security.jwt.AuthEntryPoint     : Unauthorized error: Full authentication is required to access this resource
2024-09-09T02:34:11.714Z ERROR 396677 --- [nio-8080-exec-4] c.e.web4.security.jwt.AuthEntryPoint     : Unauthorized error: Full authentication is required to access this resource
2024-09-09T02:34:11.996Z ERROR 396677 --- [nio-8080-exec-5] c.e.web4.security.jwt.AuthEntryPoint     : Unauthorized error: Full authentication is required to access this resource
2024-09-09T02:34:12.098Z ERROR 396677 --- [nio-8080-exec-8] c.e.web4.security.jwt.AuthEntryPoint     : Unauthorized error: Full authentication is required to access this resource
2024-09-09T02:34:12.198Z ERROR 396677 --- [io-8080-exec-10] c.e.web4.security.jwt.AuthEntryPoint     : Unauthorized error: Full authentication is required to access this resource
2024-09-09T02:34:12.307Z ERROR 396677 --- [nio-8080-exec-2] c.e.web4.security.jwt.AuthEntryPoint     : Unauthorized error: Full authentication is required to access this resource
2024-09-09T02:34:12.412Z ERROR 396677 --- [nio-8080-exec-4] c.e.web4.security.jwt.AuthEntryPoint     : Unauthorized error: Full authentication is required to access this resource
2024-09-09T02:34:12.515Z ERROR 396677 --- [nio-8080-exec-5] c.e.web4.security.jwt.AuthEntryPoint     : Unauthorized error: Full authentication is required to access this resource
2024-09-09T02:34:12.620Z ERROR 396677 --- [nio-8080-exec-8] c.e.web4.security.jwt.AuthEntryPoint     : Unauthorized error: Full authentication is required to access this resource
2024-09-09T02:34:12.732Z ERROR 396677 --- [io-8080-exec-10] c.e.web4.security.jwt.AuthEntryPoint     : Unauthorized error: Full authentication is required to access this resource
2024-09-09T02:34:13.519Z ERROR 396677 --- [nio-8080-exec-2] c.e.web4.security.jwt.AuthEntryPoint     : Unauthorized error: Full authentication is required to access this resource
2024-09-09T02:34:13.621Z ERROR 396677 --- [nio-8080-exec-4] c.e.web4.security.jwt.AuthEntryPoint     : Unauthorized error: Full authentication is required to access this resource
2024-09-09T02:34:13.790Z ERROR 396677 --- [nio-8080-exec-5] c.e.web4.security.jwt.AuthEntryPoint     : Unauthorized error: Full authentication is required to access this resource
2024-09-09T02:34:14.105Z ERROR 396677 --- [nio-8080-exec-8] c.e.web4.security.jwt.AuthEntryPoint     : Unauthorized error: Full authentication is required to access this resource
2024-09-09T02:34:14.279Z ERROR 396677 --- [io-8080-exec-10] c.e.web4.security.jwt.AuthEntryPoint     : Unauthorized error: Full authentication is required to access this resource
2024-09-09T02:34:14.422Z ERROR 396677 --- [nio-8080-exec-2] c.e.web4.security.jwt.AuthEntryPoint     : Unauthorized error: Full authentication is required to access this resource
2024-09-09T02:34:14.766Z ERROR 396677 --- [nio-8080-exec-4] c.e.web4.security.jwt.AuthEntryPoint     : Unauthorized error: Full authentication is required to access this resource
2024-09-09T02:34:14.868Z ERROR 396677 --- [nio-8080-exec-5] c.e.web4.security.jwt.AuthEntryPoint     : Unauthorized error: Full authentication is required to access this resource
2024-09-09T02:34:16.035Z ERROR 396677 --- [nio-8080-exec-8] c.e.web4.security.jwt.AuthEntryPoint     : Unauthorized error: Full authentication is required to access this resource
2024-09-09T02:34:16.286Z ERROR 396677 --- [nio-8080-exec-9] c.e.web4.security.jwt.AuthEntryPoint     : Unauthorized error: Full authentication is required to access this resource
2024-09-09T02:34:16.397Z ERROR 396677 --- [nio-8080-exec-1] c.e.web4.security.jwt.AuthEntryPoint     : Unauthorized error: Full authentication is required to access this resource
2024-09-09T04:19:25.237Z ERROR 396677 --- [nio-8080-exec-6] c.e.web4.security.jwt.AuthEntryPoint     : Unauthorized error: Full authentication is required to access this resource
2024-09-09T04:24:46.084Z ERROR 396677 --- [nio-8080-exec-7] c.e.web4.security.jwt.AuthEntryPoint     : Unauthorized error: Full authentication is required to access this resource
2024-09-09T04:24:46.782Z ERROR 396677 --- [nio-8080-exec-8] c.e.web4.security.jwt.AuthEntryPoint     : Unauthorized error: Full authentication is required to access this resource
2024-09-09T04:38:36.412Z ERROR 396677 --- [nio-8080-exec-9] c.e.web4.security.jwt.AuthEntryPoint     : Unauthorized error: Full authentication is required to access this resource
2024-09-09T04:53:53.155Z ERROR 396677 --- [nio-8080-exec-1] c.e.web4.security.jwt.AuthEntryPoint     : Unauthorized error: Full authentication is required to access this resource
2024-09-09T05:10:59.849Z ERROR 396677 --- [nio-8080-exec-3] c.e.web4.security.jwt.AuthEntryPoint     : Unauthorized error: Full authentication is required to access this resource
2024-09-09T05:57:47.518Z ERROR 396677 --- [nio-8080-exec-7] c.e.web4.security.jwt.AuthEntryPoint     : Unauthorized error: Full authentication is required to access this resource
2024-09-09T07:32:14.862Z ERROR 396677 --- [io-8080-exec-10] c.e.web4.security.jwt.AuthEntryPoint     : Unauthorized error: Full authentication is required to access this resource
2024-09-09T07:33:18.853Z ERROR 396677 --- [nio-8080-exec-2] c.e.web4.security.jwt.AuthEntryPoint     : Unauthorized error: Full authentication is required to access this resource
2024-09-09T07:34:09.365Z ERROR 396677 --- [nio-8080-exec-6] c.e.web4.security.jwt.AuthEntryPoint     : Unauthorized error: Full authentication is required to access this resource
2024-09-09T08:17:22.917Z ERROR 396677 --- [nio-8080-exec-8] c.e.web4.security.jwt.AuthEntryPoint     : Unauthorized error: Full authentication is required to access this resource
2024-09-09T08:44:24.364Z ERROR 396677 --- [io-8080-exec-10] c.e.web4.security.jwt.AuthEntryPoint     : Unauthorized error: Full authentication is required to access this resource
2024-09-09T08:54:54.326Z  INFO 396677 --- [nio-8080-exec-2] c.e.w.s.sevices.AuthUsersDetailsService  : Name auth user: alexdev
2024-09-09T09:19:40.591Z ERROR 396677 --- [nio-8080-exec-4] c.e.web4.security.jwt.AuthEntryPoint     : Unauthorized error: Full authentication is required to access this resource
2024-09-09T09:59:21.020Z ERROR 396677 --- [nio-8080-exec-7] c.e.web4.security.jwt.AuthEntryPoint     : Unauthorized error: Full authentication is required to access this resource
2024-09-09T09:59:21.215Z ERROR 396677 --- [nio-8080-exec-9] c.e.web4.security.jwt.AuthEntryPoint     : Unauthorized error: Full authentication is required to access this resource
2024-09-09T10:00:26.323Z ERROR 396677 --- [nio-8080-exec-1] c.e.web4.security.jwt.AuthEntryPoint     : Unauthorized error: Full authentication is required to access this resource
2024-09-09T10:42:21.896Z ERROR 396677 --- [nio-8080-exec-6] c.e.web4.security.jwt.AuthEntryPoint     : Unauthorized error: Full authentication is required to access this resource
2024-09-09T10:43:54.736Z ERROR 396677 --- [nio-8080-exec-7] c.e.web4.security.jwt.AuthEntryPoint     : Unauthorized error: Full authentication is required to access this resource
2024-09-09T11:10:03.546Z ERROR 396677 --- [nio-8080-exec-9] c.e.web4.security.jwt.AuthEntryPoint     : Unauthorized error: Full authentication is required to access this resource
2024-09-09T11:10:05.317Z ERROR 396677 --- [nio-8080-exec-1] c.e.web4.security.jwt.AuthEntryPoint     : Unauthorized error: Full authentication is required to access this resource
2024-09-09T11:43:46.892Z ERROR 396677 --- [nio-8080-exec-7] c.e.web4.security.jwt.AuthEntryPoint     : Unauthorized error: Full authentication is required to access this resource
2024-09-09T11:55:46.164Z ERROR 396677 --- [io-8080-exec-10] c.e.web4.security.jwt.AuthEntryPoint     : Unauthorized error: Full authentication is required to access this resource
2024-09-09T11:55:52.249Z ERROR 396677 --- [nio-8080-exec-2] c.e.web4.security.jwt.AuthEntryPoint     : Unauthorized error: Full authentication is required to access this resource
2024-09-09T11:55:54.031Z ERROR 396677 --- [nio-8080-exec-4] c.e.web4.security.jwt.AuthEntryPoint     : Unauthorized error: Full authentication is required to access this resource
2024-09-09T11:55:57.376Z ERROR 396677 --- [nio-8080-exec-5] c.e.web4.security.jwt.AuthEntryPoint     : Unauthorized error: Full authentication is required to access this resource
2024-09-09T11:55:59.721Z ERROR 396677 --- [nio-8080-exec-8] c.e.web4.security.jwt.AuthEntryPoint     : Unauthorized error: Full authentication is required to access this resource
2024-09-09T11:56:01.634Z ERROR 396677 --- [io-8080-exec-10] c.e.web4.security.jwt.AuthEntryPoint     : Unauthorized error: Full authentication is required to access this resource
2024-09-09T11:56:03.974Z ERROR 396677 --- [nio-8080-exec-2] c.e.web4.security.jwt.AuthEntryPoint     : Unauthorized error: Full authentication is required to access this resource
2024-09-09T11:56:06.489Z ERROR 396677 --- [nio-8080-exec-4] c.e.web4.security.jwt.AuthEntryPoint     : Unauthorized error: Full authentication is required to access this resource
2024-09-09T11:56:08.543Z ERROR 396677 --- [nio-8080-exec-5] c.e.web4.security.jwt.AuthEntryPoint     : Unauthorized error: Full authentication is required to access this resource
2024-09-09T11:56:10.632Z ERROR 396677 --- [nio-8080-exec-8] c.e.web4.security.jwt.AuthEntryPoint     : Unauthorized error: Full authentication is required to access this resource
2024-09-09T11:56:12.538Z ERROR 396677 --- [io-8080-exec-10] c.e.web4.security.jwt.AuthEntryPoint     : Unauthorized error: Full authentication is required to access this resource
2024-09-09T11:56:14.363Z ERROR 396677 --- [nio-8080-exec-2] c.e.web4.security.jwt.AuthEntryPoint     : Unauthorized error: Full authentication is required to access this resource
2024-09-09T11:56:16.128Z ERROR 396677 --- [nio-8080-exec-4] c.e.web4.security.jwt.AuthEntryPoint     : Unauthorized error: Full authentication is required to access this resource
2024-09-09T11:56:18.277Z ERROR 396677 --- [nio-8080-exec-5] c.e.web4.security.jwt.AuthEntryPoint     : Unauthorized error: Full authentication is required to access this resource
2024-09-09T11:56:20.264Z ERROR 396677 --- [nio-8080-exec-8] c.e.web4.security.jwt.AuthEntryPoint     : Unauthorized error: Full authentication is required to access this resource
2024-09-09T11:56:22.191Z ERROR 396677 --- [io-8080-exec-10] c.e.web4.security.jwt.AuthEntryPoint     : Unauthorized error: Full authentication is required to access this resource
2024-09-09T11:56:24.108Z ERROR 396677 --- [nio-8080-exec-2] c.e.web4.security.jwt.AuthEntryPoint     : Unauthorized error: Full authentication is required to access this resource
2024-09-09T11:56:26.112Z ERROR 396677 --- [nio-8080-exec-4] c.e.web4.security.jwt.AuthEntryPoint     : Unauthorized error: Full authentication is required to access this resource
2024-09-09T11:56:28.031Z ERROR 396677 --- [nio-8080-exec-5] c.e.web4.security.jwt.AuthEntryPoint     : Unauthorized error: Full authentication is required to access this resource
2024-09-09T11:56:29.942Z ERROR 396677 --- [nio-8080-exec-8] c.e.web4.security.jwt.AuthEntryPoint     : Unauthorized error: Full authentication is required to access this resource
2024-09-09T11:56:33.493Z ERROR 396677 --- [io-8080-exec-10] c.e.web4.security.jwt.AuthEntryPoint     : Unauthorized error: Full authentication is required to access this resource
2024-09-09T11:56:35.334Z ERROR 396677 --- [nio-8080-exec-2] c.e.web4.security.jwt.AuthEntryPoint     : Unauthorized error: Full authentication is required to access this resource
2024-09-09T11:56:37.721Z ERROR 396677 --- [nio-8080-exec-4] c.e.web4.security.jwt.AuthEntryPoint     : Unauthorized error: Full authentication is required to access this resource
2024-09-09T11:56:40.106Z ERROR 396677 --- [nio-8080-exec-5] c.e.web4.security.jwt.AuthEntryPoint     : Unauthorized error: Full authentication is required to access this resource
2024-09-09T11:56:41.794Z ERROR 396677 --- [nio-8080-exec-8] c.e.web4.security.jwt.AuthEntryPoint     : Unauthorized error: Full authentication is required to access this resource
2024-09-09T11:56:43.732Z ERROR 396677 --- [io-8080-exec-10] c.e.web4.security.jwt.AuthEntryPoint     : Unauthorized error: Full authentication is required to access this resource
2024-09-09T11:56:45.910Z ERROR 396677 --- [nio-8080-exec-2] c.e.web4.security.jwt.AuthEntryPoint     : Unauthorized error: Full authentication is required to access this resource
2024-09-09T11:56:47.938Z ERROR 396677 --- [nio-8080-exec-4] c.e.web4.security.jwt.AuthEntryPoint     : Unauthorized error: Full authentication is required to access this resource
2024-09-09T11:56:49.785Z ERROR 396677 --- [nio-8080-exec-5] c.e.web4.security.jwt.AuthEntryPoint     : Unauthorized error: Full authentication is required to access this resource
2024-09-09T11:56:51.506Z ERROR 396677 --- [nio-8080-exec-8] c.e.web4.security.jwt.AuthEntryPoint     : Unauthorized error: Full authentication is required to access this resource
2024-09-09T11:56:53.254Z ERROR 396677 --- [io-8080-exec-10] c.e.web4.security.jwt.AuthEntryPoint     : Unauthorized error: Full authentication is required to access this resource
2024-09-09T11:56:54.919Z ERROR 396677 --- [nio-8080-exec-2] c.e.web4.security.jwt.AuthEntryPoint     : Unauthorized error: Full authentication is required to access this resource
2024-09-09T11:56:57.669Z ERROR 396677 --- [nio-8080-exec-4] c.e.web4.security.jwt.AuthEntryPoint     : Unauthorized error: Full authentication is required to access this resource
2024-09-09T11:57:00.176Z ERROR 396677 --- [nio-8080-exec-5] c.e.web4.security.jwt.AuthEntryPoint     : Unauthorized error: Full authentication is required to access this resource
2024-09-09T11:57:02.154Z ERROR 396677 --- [nio-8080-exec-8] c.e.web4.security.jwt.AuthEntryPoint     : Unauthorized error: Full authentication is required to access this resource
2024-09-09T11:57:04.122Z ERROR 396677 --- [io-8080-exec-10] c.e.web4.security.jwt.AuthEntryPoint     : Unauthorized error: Full authentication is required to access this resource
2024-09-09T11:57:05.975Z ERROR 396677 --- [nio-8080-exec-2] c.e.web4.security.jwt.AuthEntryPoint     : Unauthorized error: Full authentication is required to access this resource
2024-09-09T11:57:07.722Z ERROR 396677 --- [nio-8080-exec-4] c.e.web4.security.jwt.AuthEntryPoint     : Unauthorized error: Full authentication is required to access this resource
2024-09-09T11:57:10.214Z ERROR 396677 --- [nio-8080-exec-5] c.e.web4.security.jwt.AuthEntryPoint     : Unauthorized error: Full authentication is required to access this resource
2024-09-09T11:57:11.653Z ERROR 396677 --- [nio-8080-exec-8] c.e.web4.security.jwt.AuthEntryPoint     : Unauthorized error: Full authentication is required to access this resource
2024-09-09T11:57:13.541Z ERROR 396677 --- [io-8080-exec-10] c.e.web4.security.jwt.AuthEntryPoint     : Unauthorized error: Full authentication is required to access this resource
2024-09-09T11:57:15.501Z ERROR 396677 --- [nio-8080-exec-2] c.e.web4.security.jwt.AuthEntryPoint     : Unauthorized error: Full authentication is required to access this resource
2024-09-09T11:57:17.353Z ERROR 396677 --- [nio-8080-exec-4] c.e.web4.security.jwt.AuthEntryPoint     : Unauthorized error: Full authentication is required to access this resource
2024-09-09T11:57:19.150Z ERROR 396677 --- [nio-8080-exec-5] c.e.web4.security.jwt.AuthEntryPoint     : Unauthorized error: Full authentication is required to access this resource
2024-09-09T11:57:21.976Z ERROR 396677 --- [nio-8080-exec-8] c.e.web4.security.jwt.AuthEntryPoint     : Unauthorized error: Full authentication is required to access this resource
2024-09-09T11:57:25.194Z ERROR 396677 --- [io-8080-exec-10] c.e.web4.security.jwt.AuthEntryPoint     : Unauthorized error: Full authentication is required to access this resource
2024-09-09T11:57:28.185Z ERROR 396677 --- [nio-8080-exec-2] c.e.web4.security.jwt.AuthEntryPoint     : Unauthorized error: Full authentication is required to access this resource
2024-09-09T11:57:31.114Z ERROR 396677 --- [nio-8080-exec-4] c.e.web4.security.jwt.AuthEntryPoint     : Unauthorized error: Full authentication is required to access this resource
2024-09-09T11:57:34.454Z ERROR 396677 --- [nio-8080-exec-5] c.e.web4.security.jwt.AuthEntryPoint     : Unauthorized error: Full authentication is required to access this resource
2024-09-09T11:57:37.839Z ERROR 396677 --- [nio-8080-exec-8] c.e.web4.security.jwt.AuthEntryPoint     : Unauthorized error: Full authentication is required to access this resource
2024-09-09T11:57:40.821Z ERROR 396677 --- [io-8080-exec-10] c.e.web4.security.jwt.AuthEntryPoint     : Unauthorized error: Full authentication is required to access this resource
2024-09-09T11:57:43.807Z ERROR 396677 --- [nio-8080-exec-2] c.e.web4.security.jwt.AuthEntryPoint     : Unauthorized error: Full authentication is required to access this resource
2024-09-09T11:57:46.995Z ERROR 396677 --- [nio-8080-exec-4] c.e.web4.security.jwt.AuthEntryPoint     : Unauthorized error: Full authentication is required to access this resource
2024-09-09T11:57:49.798Z ERROR 396677 --- [nio-8080-exec-5] c.e.web4.security.jwt.AuthEntryPoint     : Unauthorized error: Full authentication is required to access this resource
2024-09-09T11:57:52.677Z ERROR 396677 --- [nio-8080-exec-8] c.e.web4.security.jwt.AuthEntryPoint     : Unauthorized error: Full authentication is required to access this resource
2024-09-09T11:57:55.125Z ERROR 396677 --- [io-8080-exec-10] c.e.web4.security.jwt.AuthEntryPoint     : Unauthorized error: Full authentication is required to access this resource
2024-09-09T11:57:57.660Z ERROR 396677 --- [nio-8080-exec-2] c.e.web4.security.jwt.AuthEntryPoint     : Unauthorized error: Full authentication is required to access this resource
2024-09-09T11:58:00.067Z ERROR 396677 --- [nio-8080-exec-4] c.e.web4.security.jwt.AuthEntryPoint     : Unauthorized error: Full authentication is required to access this resource
2024-09-09T11:58:02.320Z ERROR 396677 --- [nio-8080-exec-5] c.e.web4.security.jwt.AuthEntryPoint     : Unauthorized error: Full authentication is required to access this resource
2024-09-09T11:58:04.571Z ERROR 396677 --- [nio-8080-exec-8] c.e.web4.security.jwt.AuthEntryPoint     : Unauthorized error: Full authentication is required to access this resource
2024-09-09T11:58:07.040Z ERROR 396677 --- [io-8080-exec-10] c.e.web4.security.jwt.AuthEntryPoint     : Unauthorized error: Full authentication is required to access this resource
2024-09-09T11:58:09.213Z ERROR 396677 --- [nio-8080-exec-2] c.e.web4.security.jwt.AuthEntryPoint     : Unauthorized error: Full authentication is required to access this resource
2024-09-09T11:58:11.699Z ERROR 396677 --- [nio-8080-exec-4] c.e.web4.security.jwt.AuthEntryPoint     : Unauthorized error: Full authentication is required to access this resource
2024-09-09T11:58:13.930Z ERROR 396677 --- [nio-8080-exec-5] c.e.web4.security.jwt.AuthEntryPoint     : Unauthorized error: Full authentication is required to access this resource
2024-09-09T11:58:16.104Z ERROR 396677 --- [nio-8080-exec-8] c.e.web4.security.jwt.AuthEntryPoint     : Unauthorized error: Full authentication is required to access this resource
2024-09-09T11:58:18.378Z ERROR 396677 --- [io-8080-exec-10] c.e.web4.security.jwt.AuthEntryPoint     : Unauthorized error: Full authentication is required to access this resource
2024-09-09T11:58:20.719Z ERROR 396677 --- [nio-8080-exec-2] c.e.web4.security.jwt.AuthEntryPoint     : Unauthorized error: Full authentication is required to access this resource
2024-09-09T11:58:23.245Z ERROR 396677 --- [nio-8080-exec-4] c.e.web4.security.jwt.AuthEntryPoint     : Unauthorized error: Full authentication is required to access this resource
2024-09-09T11:58:25.327Z ERROR 396677 --- [nio-8080-exec-5] c.e.web4.security.jwt.AuthEntryPoint     : Unauthorized error: Full authentication is required to access this resource
2024-09-09T11:58:27.673Z ERROR 396677 --- [nio-8080-exec-8] c.e.web4.security.jwt.AuthEntryPoint     : Unauthorized error: Full authentication is required to access this resource
2024-09-09T11:58:29.817Z ERROR 396677 --- [io-8080-exec-10] c.e.web4.security.jwt.AuthEntryPoint     : Unauthorized error: Full authentication is required to access this resource
2024-09-09T11:58:31.993Z ERROR 396677 --- [nio-8080-exec-2] c.e.web4.security.jwt.AuthEntryPoint     : Unauthorized error: Full authentication is required to access this resource
2024-09-09T11:58:34.631Z ERROR 396677 --- [nio-8080-exec-4] c.e.web4.security.jwt.AuthEntryPoint     : Unauthorized error: Full authentication is required to access this resource
2024-09-09T11:58:37.193Z ERROR 396677 --- [nio-8080-exec-5] c.e.web4.security.jwt.AuthEntryPoint     : Unauthorized error: Full authentication is required to access this resource
2024-09-09T11:58:39.525Z ERROR 396677 --- [nio-8080-exec-8] c.e.web4.security.jwt.AuthEntryPoint     : Unauthorized error: Full authentication is required to access this resource
2024-09-09T11:58:41.912Z ERROR 396677 --- [io-8080-exec-10] c.e.web4.security.jwt.AuthEntryPoint     : Unauthorized error: Full authentication is required to access this resource
2024-09-09T11:58:44.011Z ERROR 396677 --- [nio-8080-exec-2] c.e.web4.security.jwt.AuthEntryPoint     : Unauthorized error: Full authentication is required to access this resource
2024-09-09T11:58:46.137Z ERROR 396677 --- [nio-8080-exec-4] c.e.web4.security.jwt.AuthEntryPoint     : Unauthorized error: Full authentication is required to access this resource
2024-09-09T11:58:48.451Z ERROR 396677 --- [nio-8080-exec-5] c.e.web4.security.jwt.AuthEntryPoint     : Unauthorized error: Full authentication is required to access this resource
2024-09-09T11:59:02.952Z ERROR 396677 --- [nio-8080-exec-8] c.e.web4.security.jwt.AuthEntryPoint     : Unauthorized error: Full authentication is required to access this resource
2024-09-09T11:59:05.268Z ERROR 396677 --- [io-8080-exec-10] c.e.web4.security.jwt.AuthEntryPoint     : Unauthorized error: Full authentication is required to access this resource
2024-09-09T11:59:10.234Z ERROR 396677 --- [nio-8080-exec-2] c.e.web4.security.jwt.AuthEntryPoint     : Unauthorized error: Full authentication is required to access this resource
2024-09-09T11:59:12.337Z ERROR 396677 --- [nio-8080-exec-4] c.e.web4.security.jwt.AuthEntryPoint     : Unauthorized error: Full authentication is required to access this resource
2024-09-09T11:59:14.480Z ERROR 396677 --- [nio-8080-exec-5] c.e.web4.security.jwt.AuthEntryPoint     : Unauthorized error: Full authentication is required to access this resource
2024-09-09T11:59:16.933Z ERROR 396677 --- [nio-8080-exec-8] c.e.web4.security.jwt.AuthEntryPoint     : Unauthorized error: Full authentication is required to access this resource
2024-09-09T11:59:19.391Z ERROR 396677 --- [io-8080-exec-10] c.e.web4.security.jwt.AuthEntryPoint     : Unauthorized error: Full authentication is required to access this resource
2024-09-09T11:59:21.921Z ERROR 396677 --- [nio-8080-exec-2] c.e.web4.security.jwt.AuthEntryPoint     : Unauthorized error: Full authentication is required to access this resource
2024-09-09T11:59:25.015Z ERROR 396677 --- [nio-8080-exec-4] c.e.web4.security.jwt.AuthEntryPoint     : Unauthorized error: Full authentication is required to access this resource
2024-09-09T11:59:28.060Z ERROR 396677 --- [nio-8080-exec-5] c.e.web4.security.jwt.AuthEntryPoint     : Unauthorized error: Full authentication is required to access this resource
2024-09-09T11:59:30.831Z ERROR 396677 --- [nio-8080-exec-8] c.e.web4.security.jwt.AuthEntryPoint     : Unauthorized error: Full authentication is required to access this resource
2024-09-09T11:59:33.700Z ERROR 396677 --- [io-8080-exec-10] c.e.web4.security.jwt.AuthEntryPoint     : Unauthorized error: Full authentication is required to access this resource
2024-09-09T11:59:36.430Z ERROR 396677 --- [nio-8080-exec-2] c.e.web4.security.jwt.AuthEntryPoint     : Unauthorized error: Full authentication is required to access this resource
2024-09-09T11:59:38.995Z ERROR 396677 --- [nio-8080-exec-4] c.e.web4.security.jwt.AuthEntryPoint     : Unauthorized error: Full authentication is required to access this resource
2024-09-09T11:59:42.210Z ERROR 396677 --- [nio-8080-exec-5] c.e.web4.security.jwt.AuthEntryPoint     : Unauthorized error: Full authentication is required to access this resource
2024-09-09T11:59:45.416Z ERROR 396677 --- [nio-8080-exec-8] c.e.web4.security.jwt.AuthEntryPoint     : Unauthorized error: Full authentication is required to access this resource
2024-09-09T11:59:48.197Z ERROR 396677 --- [io-8080-exec-10] c.e.web4.security.jwt.AuthEntryPoint     : Unauthorized error: Full authentication is required to access this resource
2024-09-09T11:59:51.036Z ERROR 396677 --- [nio-8080-exec-2] c.e.web4.security.jwt.AuthEntryPoint     : Unauthorized error: Full authentication is required to access this resource
2024-09-09T11:59:53.807Z ERROR 396677 --- [nio-8080-exec-4] c.e.web4.security.jwt.AuthEntryPoint     : Unauthorized error: Full authentication is required to access this resource
2024-09-09T11:59:56.357Z ERROR 396677 --- [nio-8080-exec-5] c.e.web4.security.jwt.AuthEntryPoint     : Unauthorized error: Full authentication is required to access this resource
2024-09-09T11:59:58.866Z ERROR 396677 --- [nio-8080-exec-8] c.e.web4.security.jwt.AuthEntryPoint     : Unauthorized error: Full authentication is required to access this resource
2024-09-09T12:00:01.650Z ERROR 396677 --- [io-8080-exec-10] c.e.web4.security.jwt.AuthEntryPoint     : Unauthorized error: Full authentication is required to access this resource
2024-09-09T12:00:03.624Z ERROR 396677 --- [nio-8080-exec-2] c.e.web4.security.jwt.AuthEntryPoint     : Unauthorized error: Full authentication is required to access this resource
2024-09-09T12:00:05.988Z ERROR 396677 --- [nio-8080-exec-4] c.e.web4.security.jwt.AuthEntryPoint     : Unauthorized error: Full authentication is required to access this resource
2024-09-09T12:00:08.006Z ERROR 396677 --- [nio-8080-exec-5] c.e.web4.security.jwt.AuthEntryPoint     : Unauthorized error: Full authentication is required to access this resource
2024-09-09T12:00:09.821Z ERROR 396677 --- [nio-8080-exec-8] c.e.web4.security.jwt.AuthEntryPoint     : Unauthorized error: Full authentication is required to access this resource
2024-09-09T12:14:12.299Z ERROR 396677 --- [nio-8080-exec-3] c.e.web4.security.jwt.AuthEntryPoint     : Unauthorized error: Full authentication is required to access this resource
2024-09-09T12:24:21.621Z ERROR 396677 --- [nio-8080-exec-5] c.e.web4.security.jwt.AuthEntryPoint     : Unauthorized error: Full authentication is required to access this resource
2024-09-09T15:12:33.718Z ERROR 396677 --- [nio-8080-exec-2] c.e.web4.security.jwt.AuthEntryPoint     : Unauthorized error: Full authentication is required to access this resource
2024-09-09T15:57:33.538Z ERROR 396677 --- [nio-8080-exec-7] c.e.web4.security.jwt.AuthEntryPoint     : Unauthorized error: Full authentication is required to access this resource
2024-09-09T15:58:33.840Z  INFO 396677 --- [nio-8080-exec-9] c.e.w.controllers.CalcConstController    : 213.87.158.49 count:0
2024-09-09T16:01:21.712Z ERROR 396677 --- [io-8080-exec-10] c.e.web4.security.jwt.AuthEntryPoint     : Unauthorized error: Full authentication is required to access this resource
2024-09-09T16:02:35.032Z  INFO 396677 --- [nio-8080-exec-2] c.e.w.controllers.CalcConstController    : 213.87.158.49 count:1
2024-09-09T16:15:04.548Z ERROR 396677 --- [nio-8080-exec-3] c.e.web4.security.jwt.AuthEntryPoint     : Unauthorized error: Full authentication is required to access this resource
2024-09-09T16:34:34.168Z ERROR 396677 --- [nio-8080-exec-6] c.e.web4.security.jwt.AuthEntryPoint     : Unauthorized error: Full authentication is required to access this resource
2024-09-09T16:34:34.509Z ERROR 396677 --- [nio-8080-exec-7] c.e.web4.security.jwt.AuthEntryPoint     : Unauthorized error: Full authentication is required to access this resource
2024-09-09T17:15:18.829Z ERROR 396677 --- [io-8080-exec-10] c.e.web4.security.jwt.AuthEntryPoint     : Unauthorized error: Full authentication is required to access this resource
2024-09-09T17:38:40.280Z ERROR 396677 --- [nio-8080-exec-4] c.e.web4.security.jwt.AuthEntryPoint     : Unauthorized error: Full authentication is required to access this resource
2024-09-09T17:45:55.446Z ERROR 396677 --- [nio-8080-exec-5] c.e.web4.security.jwt.AuthEntryPoint     : Unauthorized error: Full authentication is required to access this resource
2024-09-09T17:51:46.481Z ERROR 396677 --- [nio-8080-exec-7] c.e.web4.security.jwt.AuthEntryPoint     : Unauthorized error: Full authentication is required to access this resource
2024-09-09T17:51:46.599Z ERROR 396677 --- [nio-8080-exec-8] c.e.web4.security.jwt.AuthEntryPoint     : Unauthorized error: Full authentication is required to access this resource
2024-09-09T19:47:12.130Z ERROR 396677 --- [nio-8080-exec-4] c.e.web4.security.jwt.AuthEntryPoint     : Unauthorized error: Full authentication is required to access this resource
2024-09-09T19:51:03.745Z ERROR 396677 --- [nio-8080-exec-7] c.e.web4.security.jwt.AuthEntryPoint     : Unauthorized error: Full authentication is required to access this resource
2024-09-09T19:51:04.121Z ERROR 396677 --- [nio-8080-exec-9] c.e.web4.security.jwt.AuthEntryPoint     : Unauthorized error: Full authentication is required to access this resource
2024-09-09T20:31:54.622Z ERROR 396677 --- [nio-8080-exec-4] c.e.web4.security.jwt.AuthEntryPoint     : Unauthorized error: Full authentication is required to access this resource
2024-09-09T21:32:22.492Z ERROR 396677 --- [nio-8080-exec-6] c.e.web4.security.jwt.AuthEntryPoint     : Unauthorized error: Full authentication is required to access this resource
2024-09-09T21:34:24.195Z ERROR 396677 --- [nio-8080-exec-7] c.e.web4.security.jwt.AuthEntryPoint     : Unauthorized error: Full authentication is required to access this resource
2024-09-09T21:38:56.944Z ERROR 396677 --- [nio-8080-exec-8] c.e.web4.security.jwt.AuthEntryPoint     : Unauthorized error: Full authentication is required to access this resource
2024-09-09T22:33:58.866Z ERROR 396677 --- [nio-8080-exec-1] c.e.web4.security.jwt.AuthEntryPoint     : Unauthorized error: Full authentication is required to access this resource
2024-09-09T22:56:17.661Z ERROR 396677 --- [nio-8080-exec-4] c.e.web4.security.jwt.AuthEntryPoint     : Unauthorized error: Full authentication is required to access this resource
2024-09-09T23:23:36.190Z ERROR 396677 --- [nio-8080-exec-7] c.e.web4.security.jwt.AuthEntryPoint     : Unauthorized error: Full authentication is required to access this resource
2024-09-09T23:30:42.050Z ERROR 396677 --- [nio-8080-exec-9] c.e.web4.security.jwt.AuthEntryPoint     : Unauthorized error: Full authentication is required to access this resource
2024-09-10T00:49:49.820Z ERROR 396677 --- [nio-8080-exec-3] c.e.web4.security.jwt.AuthEntryPoint     : Unauthorized error: Full authentication is required to access this resource
2024-09-10T00:58:58.976Z ERROR 396677 --- [nio-8080-exec-6] c.e.web4.security.jwt.AuthEntryPoint     : Unauthorized error: Full authentication is required to access this resource
2024-09-10T01:56:16.658Z ERROR 396677 --- [nio-8080-exec-9] c.e.web4.security.jwt.AuthEntryPoint     : Unauthorized error: Full authentication is required to access this resource
2024-09-10T02:09:30.724Z  INFO 396677 --- [nio-8080-exec-1] o.apache.coyote.http11.Http11Processor   : Error parsing HTTP request header
 Note: further occurrences of HTTP request parsing errors will be logged at DEBUG level.

java.lang.IllegalArgumentException: Invalid character found in method name [0x160x030x010x00{0x010x000x00w0x030x030x180xcc0x960x840xb20xf3@0x990xcb0x1f$0xd50xd60x060xcak0xce0xa80xd40x9c#0x050x90v$0xda0xec0x030x90)C0xe50x000x000x1a0xc0/0xc0+0xc00x110xc00x070xc00x130xc00x090xc00x140xc00x0a0x000x050x00/0x0050xc00x120x000x0a0x010x000x0040x000x050x000x050x010x000x000x000x000x000x0a0x000x080x000x060x000x170x000x180x000x190x000x0b0x000x020x010x000x000x0d0x000x100x000x0e0x040x010x040x030x020x010x020x030x040x010x050x010x060x010xff0x010x000x010x00...]. HTTP method names must be tokens
	at org.apache.coyote.http11.Http11InputBuffer.parseRequestLine(Http11InputBuffer.java:407) ~[tomcat-embed-core-10.1.15.jar!/:na]
	at org.apache.coyote.http11.Http11Processor.service(Http11Processor.java:264) ~[tomcat-embed-core-10.1.15.jar!/:na]
	at org.apache.coyote.AbstractProcessorLight.process(AbstractProcessorLight.java:63) ~[tomcat-embed-core-10.1.15.jar!/:na]
	at org.apache.coyote.AbstractProtocol$ConnectionHandler.process(AbstractProtocol.java:896) ~[tomcat-embed-core-10.1.15.jar!/:na]
	at org.apache.tomcat.util.net.NioEndpoint$SocketProcessor.doRun(NioEndpoint.java:1744) ~[tomcat-embed-core-10.1.15.jar!/:na]
	at org.apache.tomcat.util.net.SocketProcessorBase.run(SocketProcessorBase.java:52) ~[tomcat-embed-core-10.1.15.jar!/:na]
	at org.apache.tomcat.util.threads.ThreadPoolExecutor.runWorker(ThreadPoolExecutor.java:1191) ~[tomcat-embed-core-10.1.15.jar!/:na]
	at org.apache.tomcat.util.threads.ThreadPoolExecutor$Worker.run(ThreadPoolExecutor.java:659) ~[tomcat-embed-core-10.1.15.jar!/:na]
	at org.apache.tomcat.util.threads.TaskThread$WrappingRunnable.run(TaskThread.java:61) ~[tomcat-embed-core-10.1.15.jar!/:na]
	at java.base/java.lang.Thread.run(Thread.java:840) ~[na:na]

2024-09-10T02:09:31.840Z ERROR 396677 --- [nio-8080-exec-3] c.e.web4.security.jwt.AuthEntryPoint     : Unauthorized error: Full authentication is required to access this resource
2024-09-10T02:09:34.666Z ERROR 396677 --- [nio-8080-exec-6] c.e.web4.security.jwt.AuthEntryPoint     : Unauthorized error: Full authentication is required to access this resource
2024-09-10T02:39:04.954Z ERROR 396677 --- [nio-8080-exec-7] c.e.web4.security.jwt.AuthEntryPoint     : Unauthorized error: Full authentication is required to access this resource
2024-09-10T03:35:49.665Z ERROR 396677 --- [nio-8080-exec-2] c.e.web4.security.jwt.AuthEntryPoint     : Unauthorized error: Full authentication is required to access this resource
2024-09-10T03:49:41.296Z ERROR 396677 --- [nio-8080-exec-6] c.e.web4.security.jwt.AuthEntryPoint     : Unauthorized error: Full authentication is required to access this resource
2024-09-10T03:50:20.676Z ERROR 396677 --- [nio-8080-exec-7] c.e.web4.security.jwt.AuthEntryPoint     : Unauthorized error: Full authentication is required to access this resource
2024-09-10T03:50:32.314Z ERROR 396677 --- [io-8080-exec-10] c.e.web4.security.jwt.AuthEntryPoint     : Unauthorized error: Full authentication is required to access this resource
2024-09-10T03:59:56.822Z ERROR 396677 --- [nio-8080-exec-3] c.e.web4.security.jwt.AuthEntryPoint     : Unauthorized error: Full authentication is required to access this resource
2024-09-10T03:59:57.009Z ERROR 396677 --- [nio-8080-exec-6] c.e.web4.security.jwt.AuthEntryPoint     : Unauthorized error: Full authentication is required to access this resource
2024-09-10T04:10:31.262Z ERROR 396677 --- [nio-8080-exec-7] c.e.web4.security.jwt.AuthEntryPoint     : Unauthorized error: Full authentication is required to access this resource
2024-09-10T04:28:22.403Z ERROR 396677 --- [nio-8080-exec-9] c.e.web4.security.jwt.AuthEntryPoint     : Unauthorized error: Full authentication is required to access this resource
2024-09-10T04:30:02.530Z ERROR 396677 --- [nio-8080-exec-1] c.e.web4.security.jwt.AuthEntryPoint     : Unauthorized error: Full authentication is required to access this resource
2024-09-10T04:30:58.272Z  INFO 396677 --- [nio-8080-exec-3] c.e.w.controllers.CalcConstController    : 176.212.204.140 count:0
2024-09-10T05:22:43.141Z ERROR 396677 --- [nio-8080-exec-6] c.e.web4.security.jwt.AuthEntryPoint     : Unauthorized error: Full authentication is required to access this resource
2024-09-10T06:17:09.299Z ERROR 396677 --- [nio-8080-exec-9] c.e.web4.security.jwt.AuthEntryPoint     : Unauthorized error: Full authentication is required to access this resource
2024-09-10T07:03:01.225Z ERROR 396677 --- [nio-8080-exec-1] c.e.web4.security.jwt.AuthEntryPoint     : Unauthorized error: Full authentication is required to access this resource
2024-09-10T07:08:25.334Z ERROR 396677 --- [nio-8080-exec-2] c.e.web4.security.jwt.AuthEntryPoint     : Unauthorized error: Full authentication is required to access this resource
2024-09-10T07:34:47.158Z ERROR 396677 --- [nio-8080-exec-3] c.e.web4.security.jwt.AuthEntryPoint     : Unauthorized error: Full authentication is required to access this resource
