nohup: ignoring input

  .   ____          _            __ _ _
 /\\ / ___'_ __ _ _(_)_ __  __ _ \ \ \ \
( ( )\___ | '_ | '_| | '_ \/ _` | \ \ \ \
 \\/  ___)| |_)| | | | | || (_| |  ) ) ) )
  '  |____| .__|_| |_|_| |_\__, | / / / /
 =========|_|==============|___/=/_/_/_/
 :: Spring Boot ::                (v3.1.5)

2024-09-12T13:50:11.184Z  INFO 458031 --- [           main] com.example.web4.Web4Application         : Starting Web4Application v0.0.1-SNAPSHOT using Java 17.0.12 with PID 458031 (/root/accounting_calculator/backend/target/backend-0.0.1-SNAPSHOT.jar started by root in /root/accounting_calculator/backend/target)
2024-09-12T13:50:11.187Z  INFO 458031 --- [           main] com.example.web4.Web4Application         : No active profile set, falling back to 1 default profile: "default"
2024-09-12T13:50:12.328Z  INFO 458031 --- [           main] .s.d.r.c.RepositoryConfigurationDelegate : Multiple Spring Data modules found, entering strict repository configuration mode
2024-09-12T13:50:12.331Z  INFO 458031 --- [           main] .s.d.r.c.RepositoryConfigurationDelegate : Bootstrapping Spring Data JPA repositories in DEFAULT mode.
2024-09-12T13:50:12.564Z  INFO 458031 --- [           main] .s.d.r.c.RepositoryConfigurationDelegate : Finished Spring Data repository scanning in 222 ms. Found 2 JPA repository interfaces.
2024-09-12T13:50:12.588Z  INFO 458031 --- [           main] .s.d.r.c.RepositoryConfigurationDelegate : Multiple Spring Data modules found, entering strict repository configuration mode
2024-09-12T13:50:12.590Z  INFO 458031 --- [           main] .s.d.r.c.RepositoryConfigurationDelegate : Bootstrapping Spring Data Redis repositories in DEFAULT mode.
2024-09-12T13:50:12.606Z  INFO 458031 --- [           main] .RepositoryConfigurationExtensionSupport : Spring Data Redis - Could not safely identify store assignment for repository candidate interface com.example.web4.repositories.UserRepository; If you want this repository to be a Redis repository, consider annotating your entities with one of these annotations: org.springframework.data.redis.core.RedisHash (preferred), or consider extending one of the following types with your repository: org.springframework.data.keyvalue.repository.KeyValueRepository
2024-09-12T13:50:12.607Z  INFO 458031 --- [           main] .RepositoryConfigurationExtensionSupport : Spring Data Redis - Could not safely identify store assignment for repository candidate interface com.example.web4.repositories.ConstsRepository; If you want this repository to be a Redis repository, consider annotating your entities with one of these annotations: org.springframework.data.redis.core.RedisHash (preferred), or consider extending one of the following types with your repository: org.springframework.data.keyvalue.repository.KeyValueRepository
2024-09-12T13:50:12.607Z  INFO 458031 --- [           main] .s.d.r.c.RepositoryConfigurationDelegate : Finished Spring Data repository scanning in 6 ms. Found 0 Redis repository interfaces.
2024-09-12T13:50:13.468Z  INFO 458031 --- [           main] o.s.b.w.embedded.tomcat.TomcatWebServer  : Tomcat initialized with port(s): 8080 (http)
2024-09-12T13:50:13.482Z  INFO 458031 --- [           main] o.apache.catalina.core.StandardService   : Starting service [Tomcat]
2024-09-12T13:50:13.483Z  INFO 458031 --- [           main] o.apache.catalina.core.StandardEngine    : Starting Servlet engine: [Apache Tomcat/10.1.15]
2024-09-12T13:50:13.596Z  INFO 458031 --- [           main] o.a.c.c.C.[Tomcat].[localhost].[/]       : Initializing Spring embedded WebApplicationContext
2024-09-12T13:50:13.599Z  INFO 458031 --- [           main] w.s.c.ServletWebServerApplicationContext : Root WebApplicationContext: initialization completed in 2323 ms
2024-09-12T13:50:13.758Z  INFO 458031 --- [           main] o.hibernate.jpa.internal.util.LogHelper  : HHH000204: Processing PersistenceUnitInfo [name: default]
2024-09-12T13:50:13.829Z  INFO 458031 --- [           main] org.hibernate.Version                    : HHH000412: Hibernate ORM core version 6.2.13.Final
2024-09-12T13:50:13.833Z  INFO 458031 --- [           main] org.hibernate.cfg.Environment            : HHH000406: Using bytecode reflection optimizer
2024-09-12T13:50:14.258Z  INFO 458031 --- [           main] o.s.o.j.p.SpringPersistenceUnitInfo      : No LoadTimeWeaver setup: ignoring JPA class transformer
2024-09-12T13:50:14.292Z  INFO 458031 --- [           main] com.zaxxer.hikari.HikariDataSource       : HikariPool-1 - Starting...
2024-09-12T13:50:14.715Z  INFO 458031 --- [           main] com.zaxxer.hikari.pool.HikariPool        : HikariPool-1 - Added connection org.postgresql.jdbc.PgConnection@102d92c4
2024-09-12T13:50:14.717Z  INFO 458031 --- [           main] com.zaxxer.hikari.HikariDataSource       : HikariPool-1 - Start completed.
2024-09-12T13:50:15.987Z  INFO 458031 --- [           main] o.h.e.t.j.p.i.JtaPlatformInitiator       : HHH000489: No JTA platform available (set 'hibernate.transaction.jta.platform' to enable JTA platform integration)
2024-09-12T13:50:16.044Z  INFO 458031 --- [           main] j.LocalContainerEntityManagerFactoryBean : Initialized JPA EntityManagerFactory for persistence unit 'default'
2024-09-12T13:50:17.473Z  INFO 458031 --- [           main] c.e.w.controllers.CalcConstController    : Все попытки ограничения частоты запросов были очищены при старте приложения.
2024-09-12T13:50:17.556Z  INFO 458031 --- [           main] c.e.web4.controllers.EmailController     : Все попытки отправки email были очищены при старте приложения.
2024-09-12T13:50:17.586Z  WARN 458031 --- [           main] JpaBaseConfiguration$JpaWebConfiguration : spring.jpa.open-in-view is enabled by default. Therefore, database queries may be performed during view rendering. Explicitly configure spring.jpa.open-in-view to disable this warning
2024-09-12T13:50:17.903Z  INFO 458031 --- [           main] o.s.s.web.DefaultSecurityFilterChain     : Will secure any request with [org.springframework.security.web.session.DisableEncodeUrlFilter@7aa01bd9, org.springframework.security.web.context.request.async.WebAsyncManagerIntegrationFilter@7e61e25c, org.springframework.security.web.context.SecurityContextHolderFilter@6da54910, org.springframework.security.web.header.HeaderWriterFilter@443a06ad, org.springframework.security.web.authentication.logout.LogoutFilter@4dc52559, com.example.web4.security.jwt.AuthTokenFilter@3c79088e, org.springframework.security.web.savedrequest.RequestCacheAwareFilter@24134cbc, org.springframework.security.web.servletapi.SecurityContextHolderAwareRequestFilter@22f02996, org.springframework.security.web.authentication.AnonymousAuthenticationFilter@615db358, org.springframework.security.web.session.SessionManagementFilter@2a0b901c, org.springframework.security.web.access.ExceptionTranslationFilter@4f1afe8f, org.springframework.security.web.access.intercept.AuthorizationFilter@515ab3f2]
2024-09-12T13:50:18.450Z  INFO 458031 --- [           main] o.s.b.w.embedded.tomcat.TomcatWebServer  : Tomcat started on port(s): 8080 (http) with context path ''
2024-09-12T13:50:18.474Z  INFO 458031 --- [           main] com.example.web4.Web4Application         : Started Web4Application in 7.943 seconds (process running for 8.621)
2024-09-12T13:50:23.059Z  INFO 458031 --- [nio-8080-exec-1] o.a.c.c.C.[Tomcat].[localhost].[/]       : Initializing Spring DispatcherServlet 'dispatcherServlet'
2024-09-12T13:50:23.059Z  INFO 458031 --- [nio-8080-exec-1] o.s.web.servlet.DispatcherServlet        : Initializing Servlet 'dispatcherServlet'
2024-09-12T13:50:23.061Z  INFO 458031 --- [nio-8080-exec-1] o.s.web.servlet.DispatcherServlet        : Completed initialization in 1 ms
2024-09-12T13:50:23.505Z  INFO 458031 --- [nio-8080-exec-1] c.e.w.s.sevices.AuthUsersDetailsService  : Name auth user: alexdev
2024-09-12T13:52:52.742Z  INFO 458031 --- [nio-8080-exec-2] c.e.w.controllers.CalcConstController    : 77.234.216.36 count:0
